<?xml version="1.0" encoding="UTF-8"?>
<!-- Generated by org.testng.reporters.JUnitReportReporter -->
<testsuite skipped="2" hostname="DESKTOP-824M9I6" name="day1.OpenWeatherAPI" tests="3" failures="0" timestamp="09 Nov 2021 06:55:40 GMT" time="1.573" errors="0">
  <testcase name="getWeatherInfo2" time="1.573" classname="day1.OpenWeatherAPI"/>
  <testcase name="getWeatherInfo1" classname="day1.OpenWeatherAPI">
    <skipped/>
  </testcase> <!-- getWeatherInfo1 -->
  <testcase name="getWeatherInfo" classname="day1.OpenWeatherAPI">
    <skipped/>
  </testcase> <!-- getWeatherInfo -->
</testsuite> <!-- day1.OpenWeatherAPI -->
