<?xml version="1.0" encoding="UTF-8"?>
<!-- Generated by org.testng.reporters.JUnitReportReporter -->
<testsuite skipped="1" hostname="DESKTOP-824M9I6" name="day1.PositiveTest" tests="5" failures="0" timestamp="09 Nov 2021 09:58:38 GMT" time="5.011" errors="0">
  <testcase name="deleteSpecificContact" time="0.612" classname="day1.PositiveTest"/>
  <testcase name="addContact" time="3.005" classname="day1.PositiveTest"/>
  <testcase name="updateContact" time="0.710" classname="day1.PositiveTest"/>
  <testcase name="GetSpecificContact" time="0.684" classname="day1.PositiveTest"/>
  <testcase name="getAllContactList" classname="day1.PositiveTest">
    <skipped/>
  </testcase> <!-- getAllContactList -->
</testsuite> <!-- day1.PositiveTest -->
