<?xml version="1.0" encoding="UTF-8"?>
<!-- Generated by org.testng.reporters.JUnitReportReporter -->
<testsuite skipped="1" hostname="DESKTOP-824M9I6" name="day1.GithubExample" tests="2" failures="0" timestamp="09 Nov 2021 11:59:39 GMT" time="3.280" errors="0">
  <testcase name="addRepo" time="3.280" classname="day1.GithubExample"/>
  <testcase name="getAllrepo" classname="day1.GithubExample">
    <skipped/>
  </testcase> <!-- getAllrepo -->
</testsuite> <!-- day1.GithubExample -->
